<?xml version="1.0" encoding="UTF-8"?>
<!-- Generated by org.testng.reporters.JUnitReportReporter -->
<testsuite hostname="DESKTOP-RHAVO5R" failures="0" tests="1" name="com.raghib.pomwithoutpagefactory.GoogleSearchPageObjectsTest" time="7.941" errors="0" timestamp="2023-07-13T12:37:05 IST" skipped="0">
  <testcase classname="com.raghib.pomwithoutpagefactory.GoogleSearchPageObjectsTest" name="executeTest" time="7.941"/>
  <system-out/>
</testsuite> <!-- com.raghib.pomwithoutpagefactory.GoogleSearchPageObjectsTest -->
