<?xml version="1.0" encoding="UTF-8"?>
<!-- Generated by org.testng.reporters.JUnitReportReporter -->
<testsuite hostname="DESKTOP-RHAVO5R" failures="0" tests="1" name="com.raghib.extentreport.ExtentReportDemo" time="0.773" errors="0" timestamp="2023-07-13T12:38:14 IST" skipped="0">
  <testcase classname="com.raghib.extentreport.ExtentReportDemo" name="landingPage" time="0.773"/>
  <system-out/>
</testsuite> <!-- com.raghib.extentreport.ExtentReportDemo -->
