<?xml version="1.0" encoding="UTF-8"?>
<!-- Generated by org.testng.reporters.JUnitReportReporter -->
<testsuite skipped="0" hostname="Raghib-Laptop" name="com.raghib.pomwithoutpagefactory.GoogleSearchPageObjectsTest" tests="1" failures="0" timestamp="2023-01-06T11:34:57 IST" time="14.270" errors="0">
  <testcase name="executeTest" time="14.270" classname="com.raghib.pomwithoutpagefactory.GoogleSearchPageObjectsTest"/>
  <system-out/>
</testsuite> <!-- com.raghib.pomwithoutpagefactory.GoogleSearchPageObjectsTest -->
