<?xml version="1.0" encoding="UTF-8"?>
<!-- Generated by org.testng.reporters.JUnitReportReporter -->
<testsuite skipped="0" hostname="Raghib-Laptop" name="com.raghib.extentreport.ExtentReportDemo" tests="1" failures="0" timestamp="2023-01-06T11:34:57 IST" time="0.539" errors="0">
  <testcase name="landingPage" time="0.539" classname="com.raghib.extentreport.ExtentReportDemo"/>
  <system-out/>
</testsuite> <!-- com.raghib.extentreport.ExtentReportDemo -->
