<?xml version="1.0" encoding="UTF-8"?>
<!-- Generated by org.testng.reporters.JUnitReportReporter -->
<testsuite hostname="DESKTOP-RHAVO5R" failures="0" tests="1" name="com.raghib.pomwithoutpagefactory.GoogleSearchPageTest" time="8.381" errors="0" timestamp="2023-07-13T12:37:05 IST" skipped="0">
  <testcase classname="com.raghib.pomwithoutpagefactory.GoogleSearchPageTest" name="executeTest" time="8.381"/>
  <system-out/>
</testsuite> <!-- com.raghib.pomwithoutpagefactory.GoogleSearchPageTest -->
