<?xml version="1.0" encoding="UTF-8"?>
<!-- Generated by org.testng.reporters.JUnitReportReporter -->
<testsuite skipped="0" hostname="Raghib-Laptop" name="com.raghib.pomwithoutpagefactory.GoogleSearchPageObjectsTest" tests="1" failures="0" timestamp="2023-01-06T11:26:45 IST" time="18.091" errors="0">
  <testcase name="executeTest" time="18.091" classname="com.raghib.pomwithoutpagefactory.GoogleSearchPageObjectsTest"/>
  <system-out/>
</testsuite> <!-- com.raghib.pomwithoutpagefactory.GoogleSearchPageObjectsTest -->
