<?xml version="1.0" encoding="UTF-8"?>
<!-- Generated by org.testng.reporters.JUnitReportReporter -->
<testsuite skipped="0" hostname="Raghib-Laptop" name="com.raghib.pomwithoutpagefactory.GoogleSearchPageTest" tests="1" failures="0" timestamp="2023-01-06T11:26:45 IST" time="16.659" errors="0">
  <testcase name="executeTest" time="16.659" classname="com.raghib.pomwithoutpagefactory.GoogleSearchPageTest"/>
  <system-out/>
</testsuite> <!-- com.raghib.pomwithoutpagefactory.GoogleSearchPageTest -->
